<?xml version="1.0" encoding="UTF-8"?>
<testng-results ignored="0" total="3" passed="3" failed="0" skipped="0">
  <reporter-output>
  </reporter-output>
  <suite started-at="2025-09-24T10:16:24 IST" name="Suite" finished-at="2025-09-24T10:18:59 IST" duration-ms="155008">
    <groups>
      <group name="cucumber">
        <method signature="AbstractTestNGCucumberTests.runScenario(io.cucumber.testng.PickleWrapper,io.cucumber.testng.FeatureWrapper)[pri:0, instance:testRunner.TestRunner@73e22a3d]" name="runScenario" class="io.cucumber.testng.AbstractTestNGCucumberTests"/>
      </group> <!-- cucumber -->
    </groups>
    <test started-at="2025-09-24T10:16:24 IST" name="ChromeTest" finished-at="2025-09-24T10:18:59 IST" duration-ms="155008">
      <class name="testRunner.TestRunner">
        <test-method is-config="true" signature="setUpClass(org.testng.ITestContext)[pri:0, instance:testRunner.TestRunner@73e22a3d]" started-at="2025-09-24T10:16:24 IST" name="setUpClass" finished-at="2025-09-24T10:16:27 IST" duration-ms="2296" status="PASS">
          <params>
            <param index="0">
              <value>
                <![CDATA[org.testng.TestRunner@1ca3b418]]>
              </value>
            </param>
          </params>
          <reporter-output>
          </reporter-output>
        </test-method> <!-- setUpClass -->
        <test-method is-config="true" signature="setBrowser(java.lang.String)[pri:0, instance:testRunner.TestRunner@73e22a3d]" started-at="2025-09-24T10:16:27 IST" name="setBrowser" finished-at="2025-09-24T10:16:28 IST" duration-ms="1503" status="PASS">
          <params>
            <param index="0">
              <value>
                <![CDATA[chrome]]>
              </value>
            </param>
          </params>
          <reporter-output>
          </reporter-output>
        </test-method> <!-- setBrowser -->
        <test-method signature="runScenario(io.cucumber.testng.PickleWrapper,io.cucumber.testng.FeatureWrapper)[pri:0, instance:testRunner.TestRunner@73e22a3d]" started-at="2025-09-24T10:16:28 IST" name="runScenario" description="Runs Cucumber Scenarios" data-provider="scenarios" finished-at="2025-09-24T10:17:35 IST" duration-ms="66556" status="PASS">
          <params>
            <param index="0">
              <value>
                <![CDATA["Car Wash details extraction"]]>
              </value>
            </param>
            <param index="1">
              <value>
                <![CDATA["Car Wash"]]>
              </value>
            </param>
          </params>
          <reporter-output>
          </reporter-output>
        </test-method> <!-- runScenario -->
        <test-method signature="runScenario(io.cucumber.testng.PickleWrapper,io.cucumber.testng.FeatureWrapper)[pri:0, instance:testRunner.TestRunner@73e22a3d]" started-at="2025-09-24T10:17:35 IST" name="runScenario" description="Runs Cucumber Scenarios" data-provider="scenarios" finished-at="2025-09-24T10:18:27 IST" duration-ms="52377" status="PASS">
          <params>
            <param index="0">
              <value>
                <![CDATA["Number Verification"]]>
              </value>
            </param>
            <param index="1">
              <value>
                <![CDATA["Free Listing"]]>
              </value>
            </param>
          </params>
          <reporter-output>
          </reporter-output>
        </test-method> <!-- runScenario -->
        <test-method signature="runScenario(io.cucumber.testng.PickleWrapper,io.cucumber.testng.FeatureWrapper)[pri:0, instance:testRunner.TestRunner@73e22a3d]" started-at="2025-09-24T10:18:27 IST" name="runScenario" description="Runs Cucumber Scenarios" data-provider="scenarios" finished-at="2025-09-24T10:18:58 IST" duration-ms="30916" status="PASS">
          <params>
            <param index="0">
              <value>
                <![CDATA["Getting SubMenu in Gym"]]>
              </value>
            </param>
            <param index="1">
              <value>
                <![CDATA["Gym Menu"]]>
              </value>
            </param>
          </params>
          <reporter-output>
          </reporter-output>
        </test-method> <!-- runScenario -->
        <test-method is-config="true" signature="tearDownClass()[pri:0, instance:testRunner.TestRunner@73e22a3d]" started-at="2025-09-24T10:18:58 IST" name="tearDownClass" finished-at="2025-09-24T10:18:59 IST" duration-ms="1252" status="PASS">
          <reporter-output>
          </reporter-output>
        </test-method> <!-- tearDownClass -->
      </class> <!-- testRunner.TestRunner -->
    </test> <!-- ChromeTest -->
  </suite> <!-- Suite -->
</testng-results>
